2025-03-13 12:35:34,677 [Worker-5: Loading available Gradle versions] INFO  o.e.b.c.i.u.g.PublishedGradleVersions - Gradle version information cache is not available. Remote download required.
2025-03-13 12:36:02,974 [Worker-21: Creating project "demowebshop"] INFO  o.e.m.c.i.l.LifecycleMappingFactory - Using org.eclipse.m2e.jdt.JarLifecycleMapping lifecycle mapping for MavenProject: com.demowebshop:demowebshop:0.0.1-SNAPSHOT @ C:\Users\Gowthaman\eclipse-workspace\Selenium\demowebshop\pom.xml.
2025-03-13 12:36:03,890 [Worker-21: Creating project "demowebshop"] INFO  o.e.m.j.i.AbstractJavaProjectConfigurator - Adding source folder /demowebshop/src/main/java
2025-03-13 12:36:03,894 [Worker-21: Creating project "demowebshop"] INFO  o.e.m.j.i.AbstractJavaProjectConfigurator - Adding resource folder /demowebshop/src/main/resources
2025-03-13 12:36:03,905 [Worker-21: Creating project "demowebshop"] INFO  o.e.m.j.i.AbstractJavaProjectConfigurator - Adding source folder /demowebshop/src/test/java
2025-03-13 12:36:03,907 [Worker-21: Creating project "demowebshop"] INFO  o.e.m.j.i.AbstractJavaProjectConfigurator - Adding resource folder /demowebshop/src/test/resources
2025-03-13 12:36:05,140 [Worker-2: Building] WARN  o.a.m.s.f.DefaultMavenResourcesFiltering - Using platform encoding (UTF-8 actually) to copy filtered resources, i.e. build is platform dependent!
2025-03-13 12:36:05,149 [Worker-2: Building] INFO  o.a.m.s.f.DefaultMavenResourcesFiltering - Copying 0 resource from src\main\resources to target\classes
2025-03-13 12:36:05,161 [Worker-2: Building] WARN  o.a.m.s.f.DefaultMavenResourcesFiltering - Using platform encoding (UTF-8 actually) to copy filtered resources, i.e. build is platform dependent!
2025-03-13 12:36:05,163 [Worker-2: Building] INFO  o.a.m.s.f.DefaultMavenResourcesFiltering - Copying 0 resource from src\test\resources to target\test-classes
2025-03-13 12:36:23,820 [Worker-4: Building] INFO  o.e.m.c.i.l.LifecycleMappingFactory - Using org.eclipse.m2e.jdt.JarLifecycleMapping lifecycle mapping for MavenProject: com.demowebshop:demowebshop:0.0.1-SNAPSHOT @ C:\Users\Gowthaman\eclipse-workspace\Selenium\demowebshop\pom.xml.
2025-03-13 12:36:24,144 [Worker-4: Building] WARN  o.a.m.s.f.DefaultMavenResourcesFiltering - Using platform encoding (UTF-8 actually) to copy filtered resources, i.e. build is platform dependent!
2025-03-13 12:36:24,151 [Worker-4: Building] INFO  o.a.m.s.f.DefaultMavenResourcesFiltering - Copying 0 resource from src\main\resources to target\classes
2025-03-13 12:36:24,162 [Worker-4: Building] WARN  o.a.m.s.f.DefaultMavenResourcesFiltering - Using platform encoding (UTF-8 actually) to copy filtered resources, i.e. build is platform dependent!
2025-03-13 12:36:24,164 [Worker-4: Building] INFO  o.a.m.s.f.DefaultMavenResourcesFiltering - Copying 0 resource from src\test\resources to target\test-classes
2025-03-13 12:36:25,721 [Worker-8: Building] WARN  o.a.m.s.f.DefaultMavenResourcesFiltering - Using platform encoding (UTF-8 actually) to copy filtered resources, i.e. build is platform dependent!
2025-03-13 12:36:25,723 [Worker-8: Building] INFO  o.a.m.s.f.DefaultMavenResourcesFiltering - Copying 0 resource from src\main\resources to target\classes
2025-03-13 12:36:25,727 [Worker-8: Building] WARN  o.a.m.s.f.DefaultMavenResourcesFiltering - Using platform encoding (UTF-8 actually) to copy filtered resources, i.e. build is platform dependent!
2025-03-13 12:36:25,728 [Worker-8: Building] INFO  o.a.m.s.f.DefaultMavenResourcesFiltering - Copying 0 resource from src\test\resources to target\test-classes
2025-03-13 12:36:50,820 [Worker-11: Building] WARN  o.a.m.s.f.DefaultMavenResourcesFiltering - Using platform encoding (UTF-8 actually) to copy filtered resources, i.e. build is platform dependent!
2025-03-13 12:36:50,824 [Worker-11: Building] INFO  o.a.m.s.f.DefaultMavenResourcesFiltering - Copying 0 resource from src\main\resources to target\classes
2025-03-13 12:36:50,833 [Worker-11: Building] WARN  o.a.m.s.f.DefaultMavenResourcesFiltering - Using platform encoding (UTF-8 actually) to copy filtered resources, i.e. build is platform dependent!
2025-03-13 12:36:50,835 [Worker-11: Building] INFO  o.a.m.s.f.DefaultMavenResourcesFiltering - Copying 0 resource from src\test\resources to target\test-classes
2025-03-13 12:36:57,892 [Start Help Server] INFO  org.eclipse.jetty.server.Server - jetty-12.0.16; built: 2024-12-09T21:02:54.535Z; git: c3f88bafb4e393f23204dc14dc57b042e84debc7; jvm 21.0.6+7-LTS
2025-03-13 12:36:58,013 [Start Help Server] INFO  o.e.j.server.handler.ContextHandler - Started oeje8n.ContextHandler$CoreContextHandler@2d1bf79f{/help,/help,b=null,a=AVAILABLE,h=oeje8n.ContextHandler$CoreContextHandler$CoreToNestedHandler@61783a16{STARTED}}
2025-03-13 12:36:58,014 [Start Help Server] INFO  o.e.j.s.DefaultSessionIdManager - Session workerName=node0
2025-03-13 12:36:58,059 [Start Help Server] INFO  o.e.jetty.server.AbstractConnector - Started ServerConnector@174d123b{HTTP/1.1, (http/1.1)}{127.0.0.1:51737}
2025-03-13 12:36:58,068 [Start Help Server] INFO  org.eclipse.jetty.server.Server - Started oejs.Server@392ad00e{STARTING}[12.0.16,sto=0] @95518ms
2025-03-13 12:37:06,443 [Worker-12: Building] WARN  o.a.m.s.f.DefaultMavenResourcesFiltering - Using platform encoding (UTF-8 actually) to copy filtered resources, i.e. build is platform dependent!
2025-03-13 12:37:06,447 [Worker-12: Building] INFO  o.a.m.s.f.DefaultMavenResourcesFiltering - Copying 0 resource from src\main\resources to target\classes
2025-03-13 12:37:06,452 [Worker-12: Building] WARN  o.a.m.s.f.DefaultMavenResourcesFiltering - Using platform encoding (UTF-8 actually) to copy filtered resources, i.e. build is platform dependent!
2025-03-13 12:37:06,455 [Worker-12: Building] INFO  o.a.m.s.f.DefaultMavenResourcesFiltering - Copying 0 resource from src\test\resources to target\test-classes
2025-03-13 12:37:17,393 [Worker-11: Building] WARN  o.a.m.s.f.DefaultMavenResourcesFiltering - Using platform encoding (UTF-8 actually) to copy filtered resources, i.e. build is platform dependent!
2025-03-13 12:37:17,396 [Worker-11: Building] INFO  o.a.m.s.f.DefaultMavenResourcesFiltering - Copying 0 resource from src\main\resources to target\classes
2025-03-13 12:37:17,402 [Worker-11: Building] WARN  o.a.m.s.f.DefaultMavenResourcesFiltering - Using platform encoding (UTF-8 actually) to copy filtered resources, i.e. build is platform dependent!
2025-03-13 12:37:17,405 [Worker-11: Building] INFO  o.a.m.s.f.DefaultMavenResourcesFiltering - Copying 0 resource from src\test\resources to target\test-classes
2025-03-13 12:37:57,423 [Worker-11: Building] WARN  o.a.m.s.f.DefaultMavenResourcesFiltering - Using platform encoding (UTF-8 actually) to copy filtered resources, i.e. build is platform dependent!
2025-03-13 12:37:57,427 [Worker-11: Building] INFO  o.a.m.s.f.DefaultMavenResourcesFiltering - Copying 0 resource from src\main\resources to target\classes
2025-03-13 12:37:57,435 [Worker-11: Building] WARN  o.a.m.s.f.DefaultMavenResourcesFiltering - Using platform encoding (UTF-8 actually) to copy filtered resources, i.e. build is platform dependent!
2025-03-13 12:37:57,439 [Worker-11: Building] INFO  o.a.m.s.f.DefaultMavenResourcesFiltering - Copying 0 resource from src\test\resources to target\test-classes
2025-03-13 12:38:06,627 [Worker-9: Building] WARN  o.a.m.s.f.DefaultMavenResourcesFiltering - Using platform encoding (UTF-8 actually) to copy filtered resources, i.e. build is platform dependent!
2025-03-13 12:38:06,632 [Worker-9: Building] INFO  o.a.m.s.f.DefaultMavenResourcesFiltering - Copying 0 resource from src\main\resources to target\classes
2025-03-13 12:38:06,639 [Worker-9: Building] WARN  o.a.m.s.f.DefaultMavenResourcesFiltering - Using platform encoding (UTF-8 actually) to copy filtered resources, i.e. build is platform dependent!
2025-03-13 12:38:06,642 [Worker-9: Building] INFO  o.a.m.s.f.DefaultMavenResourcesFiltering - Copying 0 resource from src\test\resources to target\test-classes
2025-03-13 12:38:10,021 [Worker-8: Building] WARN  o.a.m.s.f.DefaultMavenResourcesFiltering - Using platform encoding (UTF-8 actually) to copy filtered resources, i.e. build is platform dependent!
2025-03-13 12:38:10,023 [Worker-8: Building] INFO  o.a.m.s.f.DefaultMavenResourcesFiltering - Copying 0 resource from src\main\resources to target\classes
2025-03-13 12:38:10,029 [Worker-8: Building] WARN  o.a.m.s.f.DefaultMavenResourcesFiltering - Using platform encoding (UTF-8 actually) to copy filtered resources, i.e. build is platform dependent!
2025-03-13 12:38:10,032 [Worker-8: Building] INFO  o.a.m.s.f.DefaultMavenResourcesFiltering - Copying 0 resource from src\test\resources to target\test-classes
2025-03-13 12:38:31,794 [Worker-7: Updating Maven Project] INFO  o.e.m.c.i.p.ProjectConfigurationManager - Update started
2025-03-13 12:38:32,179 [Worker-7: Updating Maven Project] INFO  o.e.m.c.i.l.LifecycleMappingFactory - Using org.eclipse.m2e.jdt.JarLifecycleMapping lifecycle mapping for MavenProject: com.demowebshop:demowebshop:0.0.1-SNAPSHOT @ C:\Users\Gowthaman\eclipse-workspace\Selenium\demowebshop\pom.xml.
2025-03-13 12:38:32,447 [Worker-7: Updating Maven Project] INFO  o.e.m.j.i.AbstractJavaProjectConfigurator - Adding source folder /demowebshop/src/main/java
2025-03-13 12:38:32,450 [Worker-7: Updating Maven Project] INFO  o.e.m.j.i.AbstractJavaProjectConfigurator - Adding resource folder /demowebshop/src/main/resources
2025-03-13 12:38:32,452 [Worker-7: Updating Maven Project] INFO  o.e.m.j.i.AbstractJavaProjectConfigurator - Adding source folder /demowebshop/src/test/java
2025-03-13 12:38:32,453 [Worker-7: Updating Maven Project] INFO  o.e.m.j.i.AbstractJavaProjectConfigurator - Adding resource folder /demowebshop/src/test/resources
2025-03-13 12:38:32,597 [Worker-7: Updating Maven Project] INFO  o.e.m.c.i.p.ProjectConfigurationManager - Update completed for 1 poms: local refresh takes 0.00 sec, refresh facades takes 0.00 sec, update config takes 0.00 sec 
2025-03-13 12:38:32,773 [Worker-15: Building] WARN  o.a.m.s.f.DefaultMavenResourcesFiltering - Using platform encoding (UTF-8 actually) to copy filtered resources, i.e. build is platform dependent!
2025-03-13 12:38:32,778 [Worker-15: Building] INFO  o.a.m.s.f.DefaultMavenResourcesFiltering - Copying 0 resource from src\main\resources to target\classes
2025-03-13 12:38:32,786 [Worker-15: Building] WARN  o.a.m.s.f.DefaultMavenResourcesFiltering - Using platform encoding (UTF-8 actually) to copy filtered resources, i.e. build is platform dependent!
2025-03-13 12:38:32,789 [Worker-15: Building] INFO  o.a.m.s.f.DefaultMavenResourcesFiltering - Copying 0 resource from src\test\resources to target\test-classes
2025-03-13 12:38:54,745 [Worker-21: Building] WARN  o.a.m.s.f.DefaultMavenResourcesFiltering - Using platform encoding (UTF-8 actually) to copy filtered resources, i.e. build is platform dependent!
2025-03-13 12:38:54,750 [Worker-21: Building] INFO  o.a.m.s.f.DefaultMavenResourcesFiltering - Copying 0 resource from src\main\resources to target\classes
2025-03-13 12:38:54,754 [Worker-21: Building] WARN  o.a.m.s.f.DefaultMavenResourcesFiltering - Using platform encoding (UTF-8 actually) to copy filtered resources, i.e. build is platform dependent!
2025-03-13 12:38:54,756 [Worker-21: Building] INFO  o.a.m.s.f.DefaultMavenResourcesFiltering - Copying 0 resource from src\test\resources to target\test-classes
2025-03-13 12:40:46,642 [Worker-10: Building] WARN  o.a.m.s.f.DefaultMavenResourcesFiltering - Using platform encoding (UTF-8 actually) to copy filtered resources, i.e. build is platform dependent!
2025-03-13 12:40:46,645 [Worker-10: Building] INFO  o.a.m.s.f.DefaultMavenResourcesFiltering - Copying 0 resource from src\main\resources to target\classes
2025-03-13 12:40:46,652 [Worker-10: Building] WARN  o.a.m.s.f.DefaultMavenResourcesFiltering - Using platform encoding (UTF-8 actually) to copy filtered resources, i.e. build is platform dependent!
2025-03-13 12:40:46,654 [Worker-10: Building] INFO  o.a.m.s.f.DefaultMavenResourcesFiltering - Copying 0 resource from src\test\resources to target\test-classes
2025-03-13 12:40:59,893 [Worker-20: Updating Maven Project] INFO  o.e.m.c.i.p.ProjectConfigurationManager - Update started
2025-03-13 12:41:00,257 [Worker-20: Updating Maven Project] INFO  o.e.m.c.i.l.LifecycleMappingFactory - Using org.eclipse.m2e.jdt.JarLifecycleMapping lifecycle mapping for MavenProject: com.demowebshop:demowebshop:0.0.1-SNAPSHOT @ C:\Users\Gowthaman\eclipse-workspace\Selenium\demowebshop\pom.xml.
2025-03-13 12:41:00,508 [Worker-20: Updating Maven Project] INFO  o.e.m.j.i.AbstractJavaProjectConfigurator - Adding source folder /demowebshop/src/main/java
2025-03-13 12:41:00,510 [Worker-20: Updating Maven Project] INFO  o.e.m.j.i.AbstractJavaProjectConfigurator - Adding resource folder /demowebshop/src/main/resources
2025-03-13 12:41:00,511 [Worker-20: Updating Maven Project] INFO  o.e.m.j.i.AbstractJavaProjectConfigurator - Adding source folder /demowebshop/src/test/java
2025-03-13 12:41:00,513 [Worker-20: Updating Maven Project] INFO  o.e.m.j.i.AbstractJavaProjectConfigurator - Adding resource folder /demowebshop/src/test/resources
2025-03-13 12:41:00,602 [Worker-20: Updating Maven Project] INFO  o.e.m.c.i.p.ProjectConfigurationManager - Update completed for 1 poms: local refresh takes 0.00 sec, refresh facades takes 0.00 sec, update config takes 0.00 sec 
2025-03-13 12:41:00,787 [Worker-2: Building] WARN  o.a.m.s.f.DefaultMavenResourcesFiltering - Using platform encoding (UTF-8 actually) to copy filtered resources, i.e. build is platform dependent!
2025-03-13 12:41:00,789 [Worker-2: Building] INFO  o.a.m.s.f.DefaultMavenResourcesFiltering - Copying 0 resource from src\main\resources to target\classes
2025-03-13 12:41:00,794 [Worker-2: Building] WARN  o.a.m.s.f.DefaultMavenResourcesFiltering - Using platform encoding (UTF-8 actually) to copy filtered resources, i.e. build is platform dependent!
2025-03-13 12:41:00,796 [Worker-2: Building] INFO  o.a.m.s.f.DefaultMavenResourcesFiltering - Copying 0 resource from src\test\resources to target\test-classes
2025-03-13 12:42:40,963 [Worker-7: Building] INFO  o.e.m.c.i.l.LifecycleMappingFactory - Using org.eclipse.m2e.jdt.JarLifecycleMapping lifecycle mapping for MavenProject: com.demowebshop:demowebshop:0.0.1-SNAPSHOT @ C:\Users\Gowthaman\eclipse-workspace\Selenium\demowebshop\pom.xml.
2025-03-13 12:42:41,187 [Worker-7: Building] WARN  o.a.m.s.f.DefaultMavenResourcesFiltering - Using platform encoding (UTF-8 actually) to copy filtered resources, i.e. build is platform dependent!
2025-03-13 12:42:41,193 [Worker-7: Building] INFO  o.a.m.s.f.DefaultMavenResourcesFiltering - Copying 0 resource from src\main\resources to target\classes
2025-03-13 12:42:41,201 [Worker-7: Building] WARN  o.a.m.s.f.DefaultMavenResourcesFiltering - Using platform encoding (UTF-8 actually) to copy filtered resources, i.e. build is platform dependent!
2025-03-13 12:42:41,203 [Worker-7: Building] INFO  o.a.m.s.f.DefaultMavenResourcesFiltering - Copying 0 resource from src\test\resources to target\test-classes
2025-03-13 12:42:42,746 [Worker-0: Building] WARN  o.a.m.s.f.DefaultMavenResourcesFiltering - Using platform encoding (UTF-8 actually) to copy filtered resources, i.e. build is platform dependent!
2025-03-13 12:42:42,748 [Worker-0: Building] INFO  o.a.m.s.f.DefaultMavenResourcesFiltering - Copying 0 resource from src\main\resources to target\classes
2025-03-13 12:42:42,752 [Worker-0: Building] WARN  o.a.m.s.f.DefaultMavenResourcesFiltering - Using platform encoding (UTF-8 actually) to copy filtered resources, i.e. build is platform dependent!
2025-03-13 12:42:42,755 [Worker-0: Building] INFO  o.a.m.s.f.DefaultMavenResourcesFiltering - Copying 0 resource from src\test\resources to target\test-classes
2025-03-13 12:44:14,933 [Stop Help Server] INFO  org.eclipse.jetty.server.Server - Stopped oejs.Server@392ad00e{STOPPING}[12.0.16,sto=0]
2025-03-13 12:44:14,939 [Stop Help Server] INFO  o.e.jetty.server.AbstractConnector - Stopped ServerConnector@174d123b{HTTP/1.1, (http/1.1)}{127.0.0.1:0}
2025-03-13 12:44:31,322 [Worker-1: Loading available Gradle versions] INFO  o.e.b.c.i.u.g.PublishedGradleVersions - Gradle version information cache is up-to-date. Trying to read.
2025-03-13 12:44:59,910 [Worker-10: Launching Executing test in C__Users_Gowthaman_eclipse-workspace_Selenium_demowebshop] INFO  o.eclipse.m2e.core.internal.Bundles - getClasspathEntries(Bundle=org.eclipse.m2e.maven.runtime_3.9.900.20250220-2013 [299])
2025-03-13 12:44:59,914 [Worker-10: Launching Executing test in C__Users_Gowthaman_eclipse-workspace_Selenium_demowebshop] INFO  o.eclipse.m2e.core.internal.Bundles - 	Entry: C:\Users\Gowthaman\Downloads\eclipse-java-2025-03-R-win32-x86_64\eclipse\plugins\org.eclipse.m2e.maven.runtime_3.9.900.20250220-2013
2025-03-13 12:44:59,915 [Worker-10: Launching Executing test in C__Users_Gowthaman_eclipse-workspace_Selenium_demowebshop] INFO  o.eclipse.m2e.core.internal.Bundles - 	Entry: C:\Users\Gowthaman\Downloads\eclipse-java-2025-03-R-win32-x86_64\eclipse\plugins\org.eclipse.m2e.maven.runtime_3.9.900.20250220-2013\jars\aopalliance-1.0.jar
2025-03-13 12:44:59,915 [Worker-10: Launching Executing test in C__Users_Gowthaman_eclipse-workspace_Selenium_demowebshop] INFO  o.eclipse.m2e.core.internal.Bundles - 	Entry: C:\Users\Gowthaman\Downloads\eclipse-java-2025-03-R-win32-x86_64\eclipse\plugins\org.eclipse.m2e.maven.runtime_3.9.900.20250220-2013\jars\guice-5.1.0.jar
2025-03-13 12:44:59,915 [Worker-10: Launching Executing test in C__Users_Gowthaman_eclipse-workspace_Selenium_demowebshop] INFO  o.eclipse.m2e.core.internal.Bundles - 	Entry: C:\Users\Gowthaman\Downloads\eclipse-java-2025-03-R-win32-x86_64\eclipse\plugins\org.eclipse.m2e.maven.runtime_3.9.900.20250220-2013\jars\httpclient-4.5.14.jar
2025-03-13 12:44:59,915 [Worker-10: Launching Executing test in C__Users_Gowthaman_eclipse-workspace_Selenium_demowebshop] INFO  o.eclipse.m2e.core.internal.Bundles - 	Entry: C:\Users\Gowthaman\Downloads\eclipse-java-2025-03-R-win32-x86_64\eclipse\plugins\org.eclipse.m2e.maven.runtime_3.9.900.20250220-2013\jars\httpcore-4.4.16.jar
2025-03-13 12:44:59,916 [Worker-10: Launching Executing test in C__Users_Gowthaman_eclipse-workspace_Selenium_demowebshop] INFO  o.eclipse.m2e.core.internal.Bundles - 	Entry: C:\Users\Gowthaman\Downloads\eclipse-java-2025-03-R-win32-x86_64\eclipse\plugins\org.eclipse.m2e.maven.runtime_3.9.900.20250220-2013\jars\jansi-2.4.1.jar
2025-03-13 12:44:59,916 [Worker-10: Launching Executing test in C__Users_Gowthaman_eclipse-workspace_Selenium_demowebshop] INFO  o.eclipse.m2e.core.internal.Bundles - 	Entry: C:\Users\Gowthaman\Downloads\eclipse-java-2025-03-R-win32-x86_64\eclipse\plugins\org.eclipse.m2e.maven.runtime_3.9.900.20250220-2013\jars\jcl-over-slf4j-1.7.36.jar
2025-03-13 12:44:59,916 [Worker-10: Launching Executing test in C__Users_Gowthaman_eclipse-workspace_Selenium_demowebshop] INFO  o.eclipse.m2e.core.internal.Bundles - 	Entry: C:\Users\Gowthaman\Downloads\eclipse-java-2025-03-R-win32-x86_64\eclipse\plugins\org.eclipse.m2e.maven.runtime_3.9.900.20250220-2013\jars\maven-artifact-3.9.9.jar
2025-03-13 12:44:59,916 [Worker-10: Launching Executing test in C__Users_Gowthaman_eclipse-workspace_Selenium_demowebshop] INFO  o.eclipse.m2e.core.internal.Bundles - 	Entry: C:\Users\Gowthaman\Downloads\eclipse-java-2025-03-R-win32-x86_64\eclipse\plugins\org.eclipse.m2e.maven.runtime_3.9.900.20250220-2013\jars\maven-builder-support-3.9.9.jar
2025-03-13 12:44:59,917 [Worker-10: Launching Executing test in C__Users_Gowthaman_eclipse-workspace_Selenium_demowebshop] INFO  o.eclipse.m2e.core.internal.Bundles - 	Entry: C:\Users\Gowthaman\Downloads\eclipse-java-2025-03-R-win32-x86_64\eclipse\plugins\org.eclipse.m2e.maven.runtime_3.9.900.20250220-2013\jars\maven-compat-3.9.9.jar
2025-03-13 12:44:59,917 [Worker-10: Launching Executing test in C__Users_Gowthaman_eclipse-workspace_Selenium_demowebshop] INFO  o.eclipse.m2e.core.internal.Bundles - 	Entry: C:\Users\Gowthaman\Downloads\eclipse-java-2025-03-R-win32-x86_64\eclipse\plugins\org.eclipse.m2e.maven.runtime_3.9.900.20250220-2013\jars\maven-core-3.9.9.jar
2025-03-13 12:44:59,917 [Worker-10: Launching Executing test in C__Users_Gowthaman_eclipse-workspace_Selenium_demowebshop] INFO  o.eclipse.m2e.core.internal.Bundles - 	Entry: C:\Users\Gowthaman\Downloads\eclipse-java-2025-03-R-win32-x86_64\eclipse\plugins\org.eclipse.m2e.maven.runtime_3.9.900.20250220-2013\jars\maven-embedder-3.9.9.jar
2025-03-13 12:44:59,917 [Worker-10: Launching Executing test in C__Users_Gowthaman_eclipse-workspace_Selenium_demowebshop] INFO  o.eclipse.m2e.core.internal.Bundles - 	Entry: C:\Users\Gowthaman\Downloads\eclipse-java-2025-03-R-win32-x86_64\eclipse\plugins\org.eclipse.m2e.maven.runtime_3.9.900.20250220-2013\jars\maven-model-3.9.9.jar
2025-03-13 12:44:59,918 [Worker-10: Launching Executing test in C__Users_Gowthaman_eclipse-workspace_Selenium_demowebshop] INFO  o.eclipse.m2e.core.internal.Bundles - 	Entry: C:\Users\Gowthaman\Downloads\eclipse-java-2025-03-R-win32-x86_64\eclipse\plugins\org.eclipse.m2e.maven.runtime_3.9.900.20250220-2013\jars\maven-model-builder-3.9.9.jar
2025-03-13 12:44:59,918 [Worker-10: Launching Executing test in C__Users_Gowthaman_eclipse-workspace_Selenium_demowebshop] INFO  o.eclipse.m2e.core.internal.Bundles - 	Entry: C:\Users\Gowthaman\Downloads\eclipse-java-2025-03-R-win32-x86_64\eclipse\plugins\org.eclipse.m2e.maven.runtime_3.9.900.20250220-2013\jars\maven-plugin-api-3.9.9.jar
2025-03-13 12:44:59,918 [Worker-10: Launching Executing test in C__Users_Gowthaman_eclipse-workspace_Selenium_demowebshop] INFO  o.eclipse.m2e.core.internal.Bundles - 	Entry: C:\Users\Gowthaman\Downloads\eclipse-java-2025-03-R-win32-x86_64\eclipse\plugins\org.eclipse.m2e.maven.runtime_3.9.900.20250220-2013\jars\maven-repository-metadata-3.9.9.jar
2025-03-13 12:44:59,918 [Worker-10: Launching Executing test in C__Users_Gowthaman_eclipse-workspace_Selenium_demowebshop] INFO  o.eclipse.m2e.core.internal.Bundles - 	Entry: C:\Users\Gowthaman\Downloads\eclipse-java-2025-03-R-win32-x86_64\eclipse\plugins\org.eclipse.m2e.maven.runtime_3.9.900.20250220-2013\jars\maven-resolver-api-1.9.22.jar
2025-03-13 12:44:59,918 [Worker-10: Launching Executing test in C__Users_Gowthaman_eclipse-workspace_Selenium_demowebshop] INFO  o.eclipse.m2e.core.internal.Bundles - 	Entry: C:\Users\Gowthaman\Downloads\eclipse-java-2025-03-R-win32-x86_64\eclipse\plugins\org.eclipse.m2e.maven.runtime_3.9.900.20250220-2013\jars\maven-resolver-connector-basic-1.9.22.jar
2025-03-13 12:44:59,919 [Worker-10: Launching Executing test in C__Users_Gowthaman_eclipse-workspace_Selenium_demowebshop] INFO  o.eclipse.m2e.core.internal.Bundles - 	Entry: C:\Users\Gowthaman\Downloads\eclipse-java-2025-03-R-win32-x86_64\eclipse\plugins\org.eclipse.m2e.maven.runtime_3.9.900.20250220-2013\jars\maven-resolver-impl-1.9.22.jar
2025-03-13 12:44:59,919 [Worker-10: Launching Executing test in C__Users_Gowthaman_eclipse-workspace_Selenium_demowebshop] INFO  o.eclipse.m2e.core.internal.Bundles - 	Entry: C:\Users\Gowthaman\Downloads\eclipse-java-2025-03-R-win32-x86_64\eclipse\plugins\org.eclipse.m2e.maven.runtime_3.9.900.20250220-2013\jars\maven-resolver-named-locks-1.9.22.jar
2025-03-13 12:44:59,919 [Worker-10: Launching Executing test in C__Users_Gowthaman_eclipse-workspace_Selenium_demowebshop] INFO  o.eclipse.m2e.core.internal.Bundles - 	Entry: C:\Users\Gowthaman\Downloads\eclipse-java-2025-03-R-win32-x86_64\eclipse\plugins\org.eclipse.m2e.maven.runtime_3.9.900.20250220-2013\jars\maven-resolver-provider-3.9.9.jar
2025-03-13 12:44:59,919 [Worker-10: Launching Executing test in C__Users_Gowthaman_eclipse-workspace_Selenium_demowebshop] INFO  o.eclipse.m2e.core.internal.Bundles - 	Entry: C:\Users\Gowthaman\Downloads\eclipse-java-2025-03-R-win32-x86_64\eclipse\plugins\org.eclipse.m2e.maven.runtime_3.9.900.20250220-2013\jars\maven-resolver-spi-1.9.22.jar
2025-03-13 12:44:59,919 [Worker-10: Launching Executing test in C__Users_Gowthaman_eclipse-workspace_Selenium_demowebshop] INFO  o.eclipse.m2e.core.internal.Bundles - 	Entry: C:\Users\Gowthaman\Downloads\eclipse-java-2025-03-R-win32-x86_64\eclipse\plugins\org.eclipse.m2e.maven.runtime_3.9.900.20250220-2013\jars\maven-resolver-transport-file-1.9.22.jar
2025-03-13 12:44:59,920 [Worker-10: Launching Executing test in C__Users_Gowthaman_eclipse-workspace_Selenium_demowebshop] INFO  o.eclipse.m2e.core.internal.Bundles - 	Entry: C:\Users\Gowthaman\Downloads\eclipse-java-2025-03-R-win32-x86_64\eclipse\plugins\org.eclipse.m2e.maven.runtime_3.9.900.20250220-2013\jars\maven-resolver-transport-http-1.9.22.jar
2025-03-13 12:44:59,920 [Worker-10: Launching Executing test in C__Users_Gowthaman_eclipse-workspace_Selenium_demowebshop] INFO  o.eclipse.m2e.core.internal.Bundles - 	Entry: C:\Users\Gowthaman\Downloads\eclipse-java-2025-03-R-win32-x86_64\eclipse\plugins\org.eclipse.m2e.maven.runtime_3.9.900.20250220-2013\jars\maven-resolver-transport-wagon-1.9.22.jar
2025-03-13 12:44:59,920 [Worker-10: Launching Executing test in C__Users_Gowthaman_eclipse-workspace_Selenium_demowebshop] INFO  o.eclipse.m2e.core.internal.Bundles - 	Entry: C:\Users\Gowthaman\Downloads\eclipse-java-2025-03-R-win32-x86_64\eclipse\plugins\org.eclipse.m2e.maven.runtime_3.9.900.20250220-2013\jars\maven-resolver-util-1.9.22.jar
2025-03-13 12:44:59,920 [Worker-10: Launching Executing test in C__Users_Gowthaman_eclipse-workspace_Selenium_demowebshop] INFO  o.eclipse.m2e.core.internal.Bundles - 	Entry: C:\Users\Gowthaman\Downloads\eclipse-java-2025-03-R-win32-x86_64\eclipse\plugins\org.eclipse.m2e.maven.runtime_3.9.900.20250220-2013\jars\maven-settings-3.9.9.jar
2025-03-13 12:44:59,920 [Worker-10: Launching Executing test in C__Users_Gowthaman_eclipse-workspace_Selenium_demowebshop] INFO  o.eclipse.m2e.core.internal.Bundles - 	Entry: C:\Users\Gowthaman\Downloads\eclipse-java-2025-03-R-win32-x86_64\eclipse\plugins\org.eclipse.m2e.maven.runtime_3.9.900.20250220-2013\jars\maven-settings-builder-3.9.9.jar
2025-03-13 12:44:59,921 [Worker-10: Launching Executing test in C__Users_Gowthaman_eclipse-workspace_Selenium_demowebshop] INFO  o.eclipse.m2e.core.internal.Bundles - 	Entry: C:\Users\Gowthaman\Downloads\eclipse-java-2025-03-R-win32-x86_64\eclipse\plugins\org.eclipse.m2e.maven.runtime_3.9.900.20250220-2013\jars\maven-shared-utils-3.4.2.jar
2025-03-13 12:44:59,921 [Worker-10: Launching Executing test in C__Users_Gowthaman_eclipse-workspace_Selenium_demowebshop] INFO  o.eclipse.m2e.core.internal.Bundles - 	Entry: C:\Users\Gowthaman\Downloads\eclipse-java-2025-03-R-win32-x86_64\eclipse\plugins\org.eclipse.m2e.maven.runtime_3.9.900.20250220-2013\jars\org.eclipse.sisu.inject-0.9.0.M3.jar
2025-03-13 12:44:59,921 [Worker-10: Launching Executing test in C__Users_Gowthaman_eclipse-workspace_Selenium_demowebshop] INFO  o.eclipse.m2e.core.internal.Bundles - 	Entry: C:\Users\Gowthaman\Downloads\eclipse-java-2025-03-R-win32-x86_64\eclipse\plugins\org.eclipse.m2e.maven.runtime_3.9.900.20250220-2013\jars\org.eclipse.sisu.plexus-0.9.0.M3.jar
2025-03-13 12:44:59,921 [Worker-10: Launching Executing test in C__Users_Gowthaman_eclipse-workspace_Selenium_demowebshop] INFO  o.eclipse.m2e.core.internal.Bundles - 	Entry: C:\Users\Gowthaman\Downloads\eclipse-java-2025-03-R-win32-x86_64\eclipse\plugins\org.eclipse.m2e.maven.runtime_3.9.900.20250220-2013\jars\plexus-build-api-0.0.7.jar
2025-03-13 12:44:59,921 [Worker-10: Launching Executing test in C__Users_Gowthaman_eclipse-workspace_Selenium_demowebshop] INFO  o.eclipse.m2e.core.internal.Bundles - 	Entry: C:\Users\Gowthaman\Downloads\eclipse-java-2025-03-R-win32-x86_64\eclipse\plugins\org.eclipse.m2e.maven.runtime_3.9.900.20250220-2013\jars\plexus-build-api-1.2.0.jar
2025-03-13 12:44:59,922 [Worker-10: Launching Executing test in C__Users_Gowthaman_eclipse-workspace_Selenium_demowebshop] INFO  o.eclipse.m2e.core.internal.Bundles - 	Entry: C:\Users\Gowthaman\Downloads\eclipse-java-2025-03-R-win32-x86_64\eclipse\plugins\org.eclipse.m2e.maven.runtime_3.9.900.20250220-2013\jars\plexus-cipher-2.0.jar
2025-03-13 12:44:59,923 [Worker-10: Launching Executing test in C__Users_Gowthaman_eclipse-workspace_Selenium_demowebshop] INFO  o.eclipse.m2e.core.internal.Bundles - 	Entry: C:\Users\Gowthaman\Downloads\eclipse-java-2025-03-R-win32-x86_64\eclipse\plugins\org.eclipse.m2e.maven.runtime_3.9.900.20250220-2013\jars\plexus-classworlds-2.8.0.jar
2025-03-13 12:44:59,924 [Worker-10: Launching Executing test in C__Users_Gowthaman_eclipse-workspace_Selenium_demowebshop] INFO  o.eclipse.m2e.core.internal.Bundles - 	Entry: C:\Users\Gowthaman\Downloads\eclipse-java-2025-03-R-win32-x86_64\eclipse\plugins\org.eclipse.m2e.maven.runtime_3.9.900.20250220-2013\jars\plexus-component-annotations-2.1.0.jar
2025-03-13 12:44:59,924 [Worker-10: Launching Executing test in C__Users_Gowthaman_eclipse-workspace_Selenium_demowebshop] INFO  o.eclipse.m2e.core.internal.Bundles - 	Entry: C:\Users\Gowthaman\Downloads\eclipse-java-2025-03-R-win32-x86_64\eclipse\plugins\org.eclipse.m2e.maven.runtime_3.9.900.20250220-2013\jars\plexus-interpolation-1.27.jar
2025-03-13 12:44:59,925 [Worker-10: Launching Executing test in C__Users_Gowthaman_eclipse-workspace_Selenium_demowebshop] INFO  o.eclipse.m2e.core.internal.Bundles - 	Entry: C:\Users\Gowthaman\Downloads\eclipse-java-2025-03-R-win32-x86_64\eclipse\plugins\org.eclipse.m2e.maven.runtime_3.9.900.20250220-2013\jars\plexus-sec-dispatcher-2.0.jar
2025-03-13 12:44:59,925 [Worker-10: Launching Executing test in C__Users_Gowthaman_eclipse-workspace_Selenium_demowebshop] INFO  o.eclipse.m2e.core.internal.Bundles - 	Entry: C:\Users\Gowthaman\Downloads\eclipse-java-2025-03-R-win32-x86_64\eclipse\plugins\org.eclipse.m2e.maven.runtime_3.9.900.20250220-2013\jars\plexus-utils-3.5.1.jar
2025-03-13 12:44:59,925 [Worker-10: Launching Executing test in C__Users_Gowthaman_eclipse-workspace_Selenium_demowebshop] INFO  o.eclipse.m2e.core.internal.Bundles - 	Entry: C:\Users\Gowthaman\Downloads\eclipse-java-2025-03-R-win32-x86_64\eclipse\plugins\org.eclipse.m2e.maven.runtime_3.9.900.20250220-2013\jars\plexus-xml-3.0.1.jar
2025-03-13 12:44:59,926 [Worker-10: Launching Executing test in C__Users_Gowthaman_eclipse-workspace_Selenium_demowebshop] INFO  o.eclipse.m2e.core.internal.Bundles - 	Entry: C:\Users\Gowthaman\Downloads\eclipse-java-2025-03-R-win32-x86_64\eclipse\plugins\org.eclipse.m2e.maven.runtime_3.9.900.20250220-2013\jars\wagon-file-3.5.3.jar
2025-03-13 12:44:59,926 [Worker-10: Launching Executing test in C__Users_Gowthaman_eclipse-workspace_Selenium_demowebshop] INFO  o.eclipse.m2e.core.internal.Bundles - 	Entry: C:\Users\Gowthaman\Downloads\eclipse-java-2025-03-R-win32-x86_64\eclipse\plugins\org.eclipse.m2e.maven.runtime_3.9.900.20250220-2013\jars\wagon-http-3.5.3.jar
2025-03-13 12:44:59,926 [Worker-10: Launching Executing test in C__Users_Gowthaman_eclipse-workspace_Selenium_demowebshop] INFO  o.eclipse.m2e.core.internal.Bundles - 	Entry: C:\Users\Gowthaman\Downloads\eclipse-java-2025-03-R-win32-x86_64\eclipse\plugins\org.eclipse.m2e.maven.runtime_3.9.900.20250220-2013\jars\wagon-http-shared-3.5.3.jar
2025-03-13 12:44:59,926 [Worker-10: Launching Executing test in C__Users_Gowthaman_eclipse-workspace_Selenium_demowebshop] INFO  o.eclipse.m2e.core.internal.Bundles - 	Entry: C:\Users\Gowthaman\Downloads\eclipse-java-2025-03-R-win32-x86_64\eclipse\plugins\org.eclipse.m2e.maven.runtime_3.9.900.20250220-2013\jars\wagon-provider-api-3.5.3.jar
2025-03-13 12:44:59,929 [Worker-10: Launching Executing test in C__Users_Gowthaman_eclipse-workspace_Selenium_demowebshop] INFO  o.eclipse.m2e.core.internal.Bundles - getClasspathEntries(Bundle=com.google.guava_33.4.0.jre [12])
2025-03-13 12:44:59,932 [Worker-10: Launching Executing test in C__Users_Gowthaman_eclipse-workspace_Selenium_demowebshop] INFO  o.eclipse.m2e.core.internal.Bundles - 	Entry: C:\Users\Gowthaman\Downloads\eclipse-java-2025-03-R-win32-x86_64\eclipse\plugins\com.google.guava_33.4.0.jre.jar
2025-03-13 12:44:59,932 [Worker-10: Launching Executing test in C__Users_Gowthaman_eclipse-workspace_Selenium_demowebshop] INFO  o.eclipse.m2e.core.internal.Bundles - getClasspathEntries(Bundle=slf4j.api_2.0.16 [523])
2025-03-13 12:44:59,933 [Worker-10: Launching Executing test in C__Users_Gowthaman_eclipse-workspace_Selenium_demowebshop] INFO  o.eclipse.m2e.core.internal.Bundles - 	Entry: C:\Users\Gowthaman\Downloads\eclipse-java-2025-03-R-win32-x86_64\eclipse\plugins\slf4j.api_2.0.16.jar
2025-03-13 12:44:59,933 [Worker-10: Launching Executing test in C__Users_Gowthaman_eclipse-workspace_Selenium_demowebshop] INFO  o.eclipse.m2e.core.internal.Bundles - getClasspathEntries(Bundle=jakarta.inject.jakarta.inject-api_1.0.5 [24])
2025-03-13 12:44:59,934 [Worker-10: Launching Executing test in C__Users_Gowthaman_eclipse-workspace_Selenium_demowebshop] INFO  o.eclipse.m2e.core.internal.Bundles - 	Entry: C:\Users\Gowthaman\Downloads\eclipse-java-2025-03-R-win32-x86_64\eclipse\plugins\jakarta.inject.jakarta.inject-api_1.0.5.jar
2025-03-13 12:44:59,934 [Worker-10: Launching Executing test in C__Users_Gowthaman_eclipse-workspace_Selenium_demowebshop] INFO  o.eclipse.m2e.core.internal.Bundles - getClasspathEntries(Bundle=jakarta.annotation-api_1.3.5 [22])
2025-03-13 12:44:59,935 [Worker-10: Launching Executing test in C__Users_Gowthaman_eclipse-workspace_Selenium_demowebshop] INFO  o.eclipse.m2e.core.internal.Bundles - 	Entry: C:\Users\Gowthaman\Downloads\eclipse-java-2025-03-R-win32-x86_64\eclipse\plugins\jakarta.annotation-api_1.3.5.jar
2025-03-13 12:44:59,935 [Worker-10: Launching Executing test in C__Users_Gowthaman_eclipse-workspace_Selenium_demowebshop] INFO  o.eclipse.m2e.core.internal.Bundles - getClasspathEntries(Bundle=org.apache.commons.cli_1.9.0 [48])
2025-03-13 12:44:59,936 [Worker-10: Launching Executing test in C__Users_Gowthaman_eclipse-workspace_Selenium_demowebshop] INFO  o.eclipse.m2e.core.internal.Bundles - 	Entry: C:\Users\Gowthaman\Downloads\eclipse-java-2025-03-R-win32-x86_64\eclipse\plugins\org.apache.commons.cli_1.9.0.jar
2025-03-13 12:44:59,936 [Worker-10: Launching Executing test in C__Users_Gowthaman_eclipse-workspace_Selenium_demowebshop] INFO  o.eclipse.m2e.core.internal.Bundles - getClasspathEntries(Bundle=org.apache.commons.commons-codec_1.16.0 [49])
2025-03-13 12:44:59,936 [Worker-10: Launching Executing test in C__Users_Gowthaman_eclipse-workspace_Selenium_demowebshop] INFO  o.eclipse.m2e.core.internal.Bundles - 	Entry: C:\Users\Gowthaman\Downloads\eclipse-java-2025-03-R-win32-x86_64\eclipse\plugins\org.apache.commons.commons-codec_1.16.0.jar
2025-03-13 12:44:59,936 [Worker-10: Launching Executing test in C__Users_Gowthaman_eclipse-workspace_Selenium_demowebshop] INFO  o.eclipse.m2e.core.internal.Bundles - getClasspathEntries(Bundle=com.google.guava.failureaccess_1.0.2 [13])
2025-03-13 12:44:59,937 [Worker-10: Launching Executing test in C__Users_Gowthaman_eclipse-workspace_Selenium_demowebshop] INFO  o.eclipse.m2e.core.internal.Bundles - 	Entry: C:\Users\Gowthaman\Downloads\eclipse-java-2025-03-R-win32-x86_64\eclipse\plugins\com.google.guava.failureaccess_1.0.2.jar
2025-03-13 12:44:59,944 [Worker-10: Launching Executing test in C__Users_Gowthaman_eclipse-workspace_Selenium_demowebshop] INFO  o.e.m.i.launch.MavenLaunchDelegate - Run build in "C:\Users\Gowthaman\eclipse-workspace\Selenium\demowebshop":
2025-03-13 12:44:59,950 [Worker-10: Launching Executing test in C__Users_Gowthaman_eclipse-workspace_Selenium_demowebshop] INFO  o.e.m.i.launch.MavenLaunchDelegate -  mvn  -B -Dstyle.color=always test
2025-03-13 12:45:49,332 [Worker-2: Building] WARN  o.a.m.s.f.DefaultMavenResourcesFiltering - Using platform encoding (UTF-8 actually) to copy filtered resources, i.e. build is platform dependent!
2025-03-13 12:45:49,345 [Worker-2: Building] INFO  o.a.m.s.f.DefaultMavenResourcesFiltering - Copying 0 resource from src\main\resources to target\classes
2025-03-13 12:45:49,359 [Worker-2: Building] WARN  o.a.m.s.f.DefaultMavenResourcesFiltering - Using platform encoding (UTF-8 actually) to copy filtered resources, i.e. build is platform dependent!
2025-03-13 12:45:49,362 [Worker-2: Building] INFO  o.a.m.s.f.DefaultMavenResourcesFiltering - Copying 0 resource from src\test\resources to target\test-classes
2025-03-13 12:45:53,391 [Start Help Server] INFO  org.eclipse.jetty.server.Server - jetty-12.0.16; built: 2024-12-09T21:02:54.535Z; git: c3f88bafb4e393f23204dc14dc57b042e84debc7; jvm 21.0.6+7-LTS
2025-03-13 12:45:53,506 [Start Help Server] INFO  o.e.j.server.handler.ContextHandler - Started oeje8n.ContextHandler$CoreContextHandler@2c6e6157{/help,/help,b=null,a=AVAILABLE,h=oeje8n.ContextHandler$CoreContextHandler$CoreToNestedHandler@3959db3a{STARTED}}
2025-03-13 12:45:53,507 [Start Help Server] INFO  o.e.j.s.DefaultSessionIdManager - Session workerName=node0
2025-03-13 12:45:53,574 [Start Help Server] INFO  o.e.jetty.server.AbstractConnector - Started ServerConnector@56788faa{HTTP/1.1, (http/1.1)}{127.0.0.1:52633}
2025-03-13 12:45:53,584 [Start Help Server] INFO  org.eclipse.jetty.server.Server - Started oejs.Server@591c86af{STARTING}[12.0.16,sto=0] @98474ms
2025-03-13 12:46:01,916 [Worker-11: Building] WARN  o.a.m.s.f.DefaultMavenResourcesFiltering - Using platform encoding (UTF-8 actually) to copy filtered resources, i.e. build is platform dependent!
2025-03-13 12:46:01,923 [Worker-11: Building] INFO  o.a.m.s.f.DefaultMavenResourcesFiltering - Copying 0 resource from src\main\resources to target\classes
2025-03-13 12:46:01,931 [Worker-11: Building] WARN  o.a.m.s.f.DefaultMavenResourcesFiltering - Using platform encoding (UTF-8 actually) to copy filtered resources, i.e. build is platform dependent!
2025-03-13 12:46:01,934 [Worker-11: Building] INFO  o.a.m.s.f.DefaultMavenResourcesFiltering - Copying 0 resource from src\test\resources to target\test-classes
2025-03-13 12:46:08,749 [Worker-20: Building] WARN  o.a.m.s.f.DefaultMavenResourcesFiltering - Using platform encoding (UTF-8 actually) to copy filtered resources, i.e. build is platform dependent!
2025-03-13 12:46:08,752 [Worker-20: Building] INFO  o.a.m.s.f.DefaultMavenResourcesFiltering - Copying 0 resource from src\main\resources to target\classes
2025-03-13 12:46:08,760 [Worker-20: Building] WARN  o.a.m.s.f.DefaultMavenResourcesFiltering - Using platform encoding (UTF-8 actually) to copy filtered resources, i.e. build is platform dependent!
2025-03-13 12:46:08,762 [Worker-20: Building] INFO  o.a.m.s.f.DefaultMavenResourcesFiltering - Copying 0 resource from src\test\resources to target\test-classes
2025-03-13 12:46:16,079 [Worker-20: Launching Executing test in C__Users_Gowthaman_eclipse-workspace_Selenium_demowebshop] INFO  o.eclipse.m2e.core.internal.Bundles - getClasspathEntries(Bundle=org.eclipse.m2e.maven.runtime_3.9.900.20250220-2013 [299])
2025-03-13 12:46:16,081 [Worker-20: Launching Executing test in C__Users_Gowthaman_eclipse-workspace_Selenium_demowebshop] INFO  o.eclipse.m2e.core.internal.Bundles - 	Entry: C:\Users\Gowthaman\Downloads\eclipse-java-2025-03-R-win32-x86_64\eclipse\plugins\org.eclipse.m2e.maven.runtime_3.9.900.20250220-2013
2025-03-13 12:46:16,082 [Worker-20: Launching Executing test in C__Users_Gowthaman_eclipse-workspace_Selenium_demowebshop] INFO  o.eclipse.m2e.core.internal.Bundles - 	Entry: C:\Users\Gowthaman\Downloads\eclipse-java-2025-03-R-win32-x86_64\eclipse\plugins\org.eclipse.m2e.maven.runtime_3.9.900.20250220-2013\jars\aopalliance-1.0.jar
2025-03-13 12:46:16,082 [Worker-20: Launching Executing test in C__Users_Gowthaman_eclipse-workspace_Selenium_demowebshop] INFO  o.eclipse.m2e.core.internal.Bundles - 	Entry: C:\Users\Gowthaman\Downloads\eclipse-java-2025-03-R-win32-x86_64\eclipse\plugins\org.eclipse.m2e.maven.runtime_3.9.900.20250220-2013\jars\guice-5.1.0.jar
2025-03-13 12:46:16,083 [Worker-20: Launching Executing test in C__Users_Gowthaman_eclipse-workspace_Selenium_demowebshop] INFO  o.eclipse.m2e.core.internal.Bundles - 	Entry: C:\Users\Gowthaman\Downloads\eclipse-java-2025-03-R-win32-x86_64\eclipse\plugins\org.eclipse.m2e.maven.runtime_3.9.900.20250220-2013\jars\httpclient-4.5.14.jar
2025-03-13 12:46:16,083 [Worker-20: Launching Executing test in C__Users_Gowthaman_eclipse-workspace_Selenium_demowebshop] INFO  o.eclipse.m2e.core.internal.Bundles - 	Entry: C:\Users\Gowthaman\Downloads\eclipse-java-2025-03-R-win32-x86_64\eclipse\plugins\org.eclipse.m2e.maven.runtime_3.9.900.20250220-2013\jars\httpcore-4.4.16.jar
2025-03-13 12:46:16,083 [Worker-20: Launching Executing test in C__Users_Gowthaman_eclipse-workspace_Selenium_demowebshop] INFO  o.eclipse.m2e.core.internal.Bundles - 	Entry: C:\Users\Gowthaman\Downloads\eclipse-java-2025-03-R-win32-x86_64\eclipse\plugins\org.eclipse.m2e.maven.runtime_3.9.900.20250220-2013\jars\jansi-2.4.1.jar
2025-03-13 12:46:16,083 [Worker-20: Launching Executing test in C__Users_Gowthaman_eclipse-workspace_Selenium_demowebshop] INFO  o.eclipse.m2e.core.internal.Bundles - 	Entry: C:\Users\Gowthaman\Downloads\eclipse-java-2025-03-R-win32-x86_64\eclipse\plugins\org.eclipse.m2e.maven.runtime_3.9.900.20250220-2013\jars\jcl-over-slf4j-1.7.36.jar
2025-03-13 12:46:16,083 [Worker-20: Launching Executing test in C__Users_Gowthaman_eclipse-workspace_Selenium_demowebshop] INFO  o.eclipse.m2e.core.internal.Bundles - 	Entry: C:\Users\Gowthaman\Downloads\eclipse-java-2025-03-R-win32-x86_64\eclipse\plugins\org.eclipse.m2e.maven.runtime_3.9.900.20250220-2013\jars\maven-artifact-3.9.9.jar
2025-03-13 12:46:16,084 [Worker-20: Launching Executing test in C__Users_Gowthaman_eclipse-workspace_Selenium_demowebshop] INFO  o.eclipse.m2e.core.internal.Bundles - 	Entry: C:\Users\Gowthaman\Downloads\eclipse-java-2025-03-R-win32-x86_64\eclipse\plugins\org.eclipse.m2e.maven.runtime_3.9.900.20250220-2013\jars\maven-builder-support-3.9.9.jar
2025-03-13 12:46:16,085 [Worker-20: Launching Executing test in C__Users_Gowthaman_eclipse-workspace_Selenium_demowebshop] INFO  o.eclipse.m2e.core.internal.Bundles - 	Entry: C:\Users\Gowthaman\Downloads\eclipse-java-2025-03-R-win32-x86_64\eclipse\plugins\org.eclipse.m2e.maven.runtime_3.9.900.20250220-2013\jars\maven-compat-3.9.9.jar
2025-03-13 12:46:16,085 [Worker-20: Launching Executing test in C__Users_Gowthaman_eclipse-workspace_Selenium_demowebshop] INFO  o.eclipse.m2e.core.internal.Bundles - 	Entry: C:\Users\Gowthaman\Downloads\eclipse-java-2025-03-R-win32-x86_64\eclipse\plugins\org.eclipse.m2e.maven.runtime_3.9.900.20250220-2013\jars\maven-core-3.9.9.jar
2025-03-13 12:46:16,085 [Worker-20: Launching Executing test in C__Users_Gowthaman_eclipse-workspace_Selenium_demowebshop] INFO  o.eclipse.m2e.core.internal.Bundles - 	Entry: C:\Users\Gowthaman\Downloads\eclipse-java-2025-03-R-win32-x86_64\eclipse\plugins\org.eclipse.m2e.maven.runtime_3.9.900.20250220-2013\jars\maven-embedder-3.9.9.jar
2025-03-13 12:46:16,085 [Worker-20: Launching Executing test in C__Users_Gowthaman_eclipse-workspace_Selenium_demowebshop] INFO  o.eclipse.m2e.core.internal.Bundles - 	Entry: C:\Users\Gowthaman\Downloads\eclipse-java-2025-03-R-win32-x86_64\eclipse\plugins\org.eclipse.m2e.maven.runtime_3.9.900.20250220-2013\jars\maven-model-3.9.9.jar
2025-03-13 12:46:16,086 [Worker-20: Launching Executing test in C__Users_Gowthaman_eclipse-workspace_Selenium_demowebshop] INFO  o.eclipse.m2e.core.internal.Bundles - 	Entry: C:\Users\Gowthaman\Downloads\eclipse-java-2025-03-R-win32-x86_64\eclipse\plugins\org.eclipse.m2e.maven.runtime_3.9.900.20250220-2013\jars\maven-model-builder-3.9.9.jar
2025-03-13 12:46:16,086 [Worker-20: Launching Executing test in C__Users_Gowthaman_eclipse-workspace_Selenium_demowebshop] INFO  o.eclipse.m2e.core.internal.Bundles - 	Entry: C:\Users\Gowthaman\Downloads\eclipse-java-2025-03-R-win32-x86_64\eclipse\plugins\org.eclipse.m2e.maven.runtime_3.9.900.20250220-2013\jars\maven-plugin-api-3.9.9.jar
2025-03-13 12:46:16,086 [Worker-20: Launching Executing test in C__Users_Gowthaman_eclipse-workspace_Selenium_demowebshop] INFO  o.eclipse.m2e.core.internal.Bundles - 	Entry: C:\Users\Gowthaman\Downloads\eclipse-java-2025-03-R-win32-x86_64\eclipse\plugins\org.eclipse.m2e.maven.runtime_3.9.900.20250220-2013\jars\maven-repository-metadata-3.9.9.jar
2025-03-13 12:46:16,086 [Worker-20: Launching Executing test in C__Users_Gowthaman_eclipse-workspace_Selenium_demowebshop] INFO  o.eclipse.m2e.core.internal.Bundles - 	Entry: C:\Users\Gowthaman\Downloads\eclipse-java-2025-03-R-win32-x86_64\eclipse\plugins\org.eclipse.m2e.maven.runtime_3.9.900.20250220-2013\jars\maven-resolver-api-1.9.22.jar
2025-03-13 12:46:16,086 [Worker-20: Launching Executing test in C__Users_Gowthaman_eclipse-workspace_Selenium_demowebshop] INFO  o.eclipse.m2e.core.internal.Bundles - 	Entry: C:\Users\Gowthaman\Downloads\eclipse-java-2025-03-R-win32-x86_64\eclipse\plugins\org.eclipse.m2e.maven.runtime_3.9.900.20250220-2013\jars\maven-resolver-connector-basic-1.9.22.jar
2025-03-13 12:46:16,086 [Worker-20: Launching Executing test in C__Users_Gowthaman_eclipse-workspace_Selenium_demowebshop] INFO  o.eclipse.m2e.core.internal.Bundles - 	Entry: C:\Users\Gowthaman\Downloads\eclipse-java-2025-03-R-win32-x86_64\eclipse\plugins\org.eclipse.m2e.maven.runtime_3.9.900.20250220-2013\jars\maven-resolver-impl-1.9.22.jar
2025-03-13 12:46:16,087 [Worker-20: Launching Executing test in C__Users_Gowthaman_eclipse-workspace_Selenium_demowebshop] INFO  o.eclipse.m2e.core.internal.Bundles - 	Entry: C:\Users\Gowthaman\Downloads\eclipse-java-2025-03-R-win32-x86_64\eclipse\plugins\org.eclipse.m2e.maven.runtime_3.9.900.20250220-2013\jars\maven-resolver-named-locks-1.9.22.jar
2025-03-13 12:46:16,087 [Worker-20: Launching Executing test in C__Users_Gowthaman_eclipse-workspace_Selenium_demowebshop] INFO  o.eclipse.m2e.core.internal.Bundles - 	Entry: C:\Users\Gowthaman\Downloads\eclipse-java-2025-03-R-win32-x86_64\eclipse\plugins\org.eclipse.m2e.maven.runtime_3.9.900.20250220-2013\jars\maven-resolver-provider-3.9.9.jar
2025-03-13 12:46:16,087 [Worker-20: Launching Executing test in C__Users_Gowthaman_eclipse-workspace_Selenium_demowebshop] INFO  o.eclipse.m2e.core.internal.Bundles - 	Entry: C:\Users\Gowthaman\Downloads\eclipse-java-2025-03-R-win32-x86_64\eclipse\plugins\org.eclipse.m2e.maven.runtime_3.9.900.20250220-2013\jars\maven-resolver-spi-1.9.22.jar
2025-03-13 12:46:16,087 [Worker-20: Launching Executing test in C__Users_Gowthaman_eclipse-workspace_Selenium_demowebshop] INFO  o.eclipse.m2e.core.internal.Bundles - 	Entry: C:\Users\Gowthaman\Downloads\eclipse-java-2025-03-R-win32-x86_64\eclipse\plugins\org.eclipse.m2e.maven.runtime_3.9.900.20250220-2013\jars\maven-resolver-transport-file-1.9.22.jar
2025-03-13 12:46:16,087 [Worker-20: Launching Executing test in C__Users_Gowthaman_eclipse-workspace_Selenium_demowebshop] INFO  o.eclipse.m2e.core.internal.Bundles - 	Entry: C:\Users\Gowthaman\Downloads\eclipse-java-2025-03-R-win32-x86_64\eclipse\plugins\org.eclipse.m2e.maven.runtime_3.9.900.20250220-2013\jars\maven-resolver-transport-http-1.9.22.jar
2025-03-13 12:46:16,089 [Worker-20: Launching Executing test in C__Users_Gowthaman_eclipse-workspace_Selenium_demowebshop] INFO  o.eclipse.m2e.core.internal.Bundles - 	Entry: C:\Users\Gowthaman\Downloads\eclipse-java-2025-03-R-win32-x86_64\eclipse\plugins\org.eclipse.m2e.maven.runtime_3.9.900.20250220-2013\jars\maven-resolver-transport-wagon-1.9.22.jar
2025-03-13 12:46:16,089 [Worker-20: Launching Executing test in C__Users_Gowthaman_eclipse-workspace_Selenium_demowebshop] INFO  o.eclipse.m2e.core.internal.Bundles - 	Entry: C:\Users\Gowthaman\Downloads\eclipse-java-2025-03-R-win32-x86_64\eclipse\plugins\org.eclipse.m2e.maven.runtime_3.9.900.20250220-2013\jars\maven-resolver-util-1.9.22.jar
2025-03-13 12:46:16,089 [Worker-20: Launching Executing test in C__Users_Gowthaman_eclipse-workspace_Selenium_demowebshop] INFO  o.eclipse.m2e.core.internal.Bundles - 	Entry: C:\Users\Gowthaman\Downloads\eclipse-java-2025-03-R-win32-x86_64\eclipse\plugins\org.eclipse.m2e.maven.runtime_3.9.900.20250220-2013\jars\maven-settings-3.9.9.jar
2025-03-13 12:46:16,089 [Worker-20: Launching Executing test in C__Users_Gowthaman_eclipse-workspace_Selenium_demowebshop] INFO  o.eclipse.m2e.core.internal.Bundles - 	Entry: C:\Users\Gowthaman\Downloads\eclipse-java-2025-03-R-win32-x86_64\eclipse\plugins\org.eclipse.m2e.maven.runtime_3.9.900.20250220-2013\jars\maven-settings-builder-3.9.9.jar
2025-03-13 12:46:16,089 [Worker-20: Launching Executing test in C__Users_Gowthaman_eclipse-workspace_Selenium_demowebshop] INFO  o.eclipse.m2e.core.internal.Bundles - 	Entry: C:\Users\Gowthaman\Downloads\eclipse-java-2025-03-R-win32-x86_64\eclipse\plugins\org.eclipse.m2e.maven.runtime_3.9.900.20250220-2013\jars\maven-shared-utils-3.4.2.jar
2025-03-13 12:46:16,089 [Worker-20: Launching Executing test in C__Users_Gowthaman_eclipse-workspace_Selenium_demowebshop] INFO  o.eclipse.m2e.core.internal.Bundles - 	Entry: C:\Users\Gowthaman\Downloads\eclipse-java-2025-03-R-win32-x86_64\eclipse\plugins\org.eclipse.m2e.maven.runtime_3.9.900.20250220-2013\jars\org.eclipse.sisu.inject-0.9.0.M3.jar
2025-03-13 12:46:16,089 [Worker-20: Launching Executing test in C__Users_Gowthaman_eclipse-workspace_Selenium_demowebshop] INFO  o.eclipse.m2e.core.internal.Bundles - 	Entry: C:\Users\Gowthaman\Downloads\eclipse-java-2025-03-R-win32-x86_64\eclipse\plugins\org.eclipse.m2e.maven.runtime_3.9.900.20250220-2013\jars\org.eclipse.sisu.plexus-0.9.0.M3.jar
2025-03-13 12:46:16,090 [Worker-20: Launching Executing test in C__Users_Gowthaman_eclipse-workspace_Selenium_demowebshop] INFO  o.eclipse.m2e.core.internal.Bundles - 	Entry: C:\Users\Gowthaman\Downloads\eclipse-java-2025-03-R-win32-x86_64\eclipse\plugins\org.eclipse.m2e.maven.runtime_3.9.900.20250220-2013\jars\plexus-build-api-0.0.7.jar
2025-03-13 12:46:16,090 [Worker-20: Launching Executing test in C__Users_Gowthaman_eclipse-workspace_Selenium_demowebshop] INFO  o.eclipse.m2e.core.internal.Bundles - 	Entry: C:\Users\Gowthaman\Downloads\eclipse-java-2025-03-R-win32-x86_64\eclipse\plugins\org.eclipse.m2e.maven.runtime_3.9.900.20250220-2013\jars\plexus-build-api-1.2.0.jar
2025-03-13 12:46:16,090 [Worker-20: Launching Executing test in C__Users_Gowthaman_eclipse-workspace_Selenium_demowebshop] INFO  o.eclipse.m2e.core.internal.Bundles - 	Entry: C:\Users\Gowthaman\Downloads\eclipse-java-2025-03-R-win32-x86_64\eclipse\plugins\org.eclipse.m2e.maven.runtime_3.9.900.20250220-2013\jars\plexus-cipher-2.0.jar
2025-03-13 12:46:16,090 [Worker-20: Launching Executing test in C__Users_Gowthaman_eclipse-workspace_Selenium_demowebshop] INFO  o.eclipse.m2e.core.internal.Bundles - 	Entry: C:\Users\Gowthaman\Downloads\eclipse-java-2025-03-R-win32-x86_64\eclipse\plugins\org.eclipse.m2e.maven.runtime_3.9.900.20250220-2013\jars\plexus-classworlds-2.8.0.jar
2025-03-13 12:46:16,090 [Worker-20: Launching Executing test in C__Users_Gowthaman_eclipse-workspace_Selenium_demowebshop] INFO  o.eclipse.m2e.core.internal.Bundles - 	Entry: C:\Users\Gowthaman\Downloads\eclipse-java-2025-03-R-win32-x86_64\eclipse\plugins\org.eclipse.m2e.maven.runtime_3.9.900.20250220-2013\jars\plexus-component-annotations-2.1.0.jar
2025-03-13 12:46:16,091 [Worker-20: Launching Executing test in C__Users_Gowthaman_eclipse-workspace_Selenium_demowebshop] INFO  o.eclipse.m2e.core.internal.Bundles - 	Entry: C:\Users\Gowthaman\Downloads\eclipse-java-2025-03-R-win32-x86_64\eclipse\plugins\org.eclipse.m2e.maven.runtime_3.9.900.20250220-2013\jars\plexus-interpolation-1.27.jar
2025-03-13 12:46:16,091 [Worker-20: Launching Executing test in C__Users_Gowthaman_eclipse-workspace_Selenium_demowebshop] INFO  o.eclipse.m2e.core.internal.Bundles - 	Entry: C:\Users\Gowthaman\Downloads\eclipse-java-2025-03-R-win32-x86_64\eclipse\plugins\org.eclipse.m2e.maven.runtime_3.9.900.20250220-2013\jars\plexus-sec-dispatcher-2.0.jar
2025-03-13 12:46:16,092 [Worker-20: Launching Executing test in C__Users_Gowthaman_eclipse-workspace_Selenium_demowebshop] INFO  o.eclipse.m2e.core.internal.Bundles - 	Entry: C:\Users\Gowthaman\Downloads\eclipse-java-2025-03-R-win32-x86_64\eclipse\plugins\org.eclipse.m2e.maven.runtime_3.9.900.20250220-2013\jars\plexus-utils-3.5.1.jar
2025-03-13 12:46:16,092 [Worker-20: Launching Executing test in C__Users_Gowthaman_eclipse-workspace_Selenium_demowebshop] INFO  o.eclipse.m2e.core.internal.Bundles - 	Entry: C:\Users\Gowthaman\Downloads\eclipse-java-2025-03-R-win32-x86_64\eclipse\plugins\org.eclipse.m2e.maven.runtime_3.9.900.20250220-2013\jars\plexus-xml-3.0.1.jar
2025-03-13 12:46:16,093 [Worker-20: Launching Executing test in C__Users_Gowthaman_eclipse-workspace_Selenium_demowebshop] INFO  o.eclipse.m2e.core.internal.Bundles - 	Entry: C:\Users\Gowthaman\Downloads\eclipse-java-2025-03-R-win32-x86_64\eclipse\plugins\org.eclipse.m2e.maven.runtime_3.9.900.20250220-2013\jars\wagon-file-3.5.3.jar
2025-03-13 12:46:16,094 [Worker-20: Launching Executing test in C__Users_Gowthaman_eclipse-workspace_Selenium_demowebshop] INFO  o.eclipse.m2e.core.internal.Bundles - 	Entry: C:\Users\Gowthaman\Downloads\eclipse-java-2025-03-R-win32-x86_64\eclipse\plugins\org.eclipse.m2e.maven.runtime_3.9.900.20250220-2013\jars\wagon-http-3.5.3.jar
2025-03-13 12:46:16,094 [Worker-20: Launching Executing test in C__Users_Gowthaman_eclipse-workspace_Selenium_demowebshop] INFO  o.eclipse.m2e.core.internal.Bundles - 	Entry: C:\Users\Gowthaman\Downloads\eclipse-java-2025-03-R-win32-x86_64\eclipse\plugins\org.eclipse.m2e.maven.runtime_3.9.900.20250220-2013\jars\wagon-http-shared-3.5.3.jar
2025-03-13 12:46:16,094 [Worker-20: Launching Executing test in C__Users_Gowthaman_eclipse-workspace_Selenium_demowebshop] INFO  o.eclipse.m2e.core.internal.Bundles - 	Entry: C:\Users\Gowthaman\Downloads\eclipse-java-2025-03-R-win32-x86_64\eclipse\plugins\org.eclipse.m2e.maven.runtime_3.9.900.20250220-2013\jars\wagon-provider-api-3.5.3.jar
2025-03-13 12:46:16,095 [Worker-20: Launching Executing test in C__Users_Gowthaman_eclipse-workspace_Selenium_demowebshop] INFO  o.eclipse.m2e.core.internal.Bundles - getClasspathEntries(Bundle=com.google.guava_33.4.0.jre [12])
2025-03-13 12:46:16,096 [Worker-20: Launching Executing test in C__Users_Gowthaman_eclipse-workspace_Selenium_demowebshop] INFO  o.eclipse.m2e.core.internal.Bundles - 	Entry: C:\Users\Gowthaman\Downloads\eclipse-java-2025-03-R-win32-x86_64\eclipse\plugins\com.google.guava_33.4.0.jre.jar
2025-03-13 12:46:16,098 [Worker-20: Launching Executing test in C__Users_Gowthaman_eclipse-workspace_Selenium_demowebshop] INFO  o.eclipse.m2e.core.internal.Bundles - getClasspathEntries(Bundle=slf4j.api_2.0.16 [523])
2025-03-13 12:46:16,099 [Worker-20: Launching Executing test in C__Users_Gowthaman_eclipse-workspace_Selenium_demowebshop] INFO  o.eclipse.m2e.core.internal.Bundles - 	Entry: C:\Users\Gowthaman\Downloads\eclipse-java-2025-03-R-win32-x86_64\eclipse\plugins\slf4j.api_2.0.16.jar
2025-03-13 12:46:16,099 [Worker-20: Launching Executing test in C__Users_Gowthaman_eclipse-workspace_Selenium_demowebshop] INFO  o.eclipse.m2e.core.internal.Bundles - getClasspathEntries(Bundle=jakarta.inject.jakarta.inject-api_1.0.5 [24])
2025-03-13 12:46:16,100 [Worker-20: Launching Executing test in C__Users_Gowthaman_eclipse-workspace_Selenium_demowebshop] INFO  o.eclipse.m2e.core.internal.Bundles - 	Entry: C:\Users\Gowthaman\Downloads\eclipse-java-2025-03-R-win32-x86_64\eclipse\plugins\jakarta.inject.jakarta.inject-api_1.0.5.jar
2025-03-13 12:46:16,100 [Worker-20: Launching Executing test in C__Users_Gowthaman_eclipse-workspace_Selenium_demowebshop] INFO  o.eclipse.m2e.core.internal.Bundles - getClasspathEntries(Bundle=jakarta.annotation-api_1.3.5 [22])
2025-03-13 12:46:16,101 [Worker-20: Launching Executing test in C__Users_Gowthaman_eclipse-workspace_Selenium_demowebshop] INFO  o.eclipse.m2e.core.internal.Bundles - 	Entry: C:\Users\Gowthaman\Downloads\eclipse-java-2025-03-R-win32-x86_64\eclipse\plugins\jakarta.annotation-api_1.3.5.jar
2025-03-13 12:46:16,101 [Worker-20: Launching Executing test in C__Users_Gowthaman_eclipse-workspace_Selenium_demowebshop] INFO  o.eclipse.m2e.core.internal.Bundles - getClasspathEntries(Bundle=org.apache.commons.cli_1.9.0 [48])
2025-03-13 12:46:16,102 [Worker-20: Launching Executing test in C__Users_Gowthaman_eclipse-workspace_Selenium_demowebshop] INFO  o.eclipse.m2e.core.internal.Bundles - 	Entry: C:\Users\Gowthaman\Downloads\eclipse-java-2025-03-R-win32-x86_64\eclipse\plugins\org.apache.commons.cli_1.9.0.jar
2025-03-13 12:46:16,102 [Worker-20: Launching Executing test in C__Users_Gowthaman_eclipse-workspace_Selenium_demowebshop] INFO  o.eclipse.m2e.core.internal.Bundles - getClasspathEntries(Bundle=org.apache.commons.commons-codec_1.16.0 [49])
2025-03-13 12:46:16,103 [Worker-20: Launching Executing test in C__Users_Gowthaman_eclipse-workspace_Selenium_demowebshop] INFO  o.eclipse.m2e.core.internal.Bundles - 	Entry: C:\Users\Gowthaman\Downloads\eclipse-java-2025-03-R-win32-x86_64\eclipse\plugins\org.apache.commons.commons-codec_1.16.0.jar
2025-03-13 12:46:16,104 [Worker-20: Launching Executing test in C__Users_Gowthaman_eclipse-workspace_Selenium_demowebshop] INFO  o.eclipse.m2e.core.internal.Bundles - getClasspathEntries(Bundle=com.google.guava.failureaccess_1.0.2 [13])
2025-03-13 12:46:16,105 [Worker-20: Launching Executing test in C__Users_Gowthaman_eclipse-workspace_Selenium_demowebshop] INFO  o.eclipse.m2e.core.internal.Bundles - 	Entry: C:\Users\Gowthaman\Downloads\eclipse-java-2025-03-R-win32-x86_64\eclipse\plugins\com.google.guava.failureaccess_1.0.2.jar
2025-03-13 12:46:16,107 [Worker-20: Launching Executing test in C__Users_Gowthaman_eclipse-workspace_Selenium_demowebshop] INFO  o.e.m.i.launch.MavenLaunchDelegate - Run build in "C:\Users\Gowthaman\eclipse-workspace\Selenium\demowebshop":
2025-03-13 12:46:16,108 [Worker-20: Launching Executing test in C__Users_Gowthaman_eclipse-workspace_Selenium_demowebshop] INFO  o.e.m.i.launch.MavenLaunchDelegate -  mvn  -B -Dstyle.color=always test
2025-03-13 12:48:37,872 [Stop Help Server] INFO  org.eclipse.jetty.server.Server - Stopped oejs.Server@591c86af{STOPPING}[12.0.16,sto=0]
2025-03-13 12:48:37,878 [Stop Help Server] INFO  o.e.jetty.server.AbstractConnector - Stopped ServerConnector@56788faa{HTTP/1.1, (http/1.1)}{127.0.0.1:0}
2025-03-13 12:48:53,420 [Worker-0: Loading available Gradle versions] INFO  o.e.b.c.i.u.g.PublishedGradleVersions - Gradle version information cache is up-to-date. Trying to read.
2025-03-13 12:49:15,060 [main] INFO  o.e.m.jdt.internal.UnitTestSupport - Updating Program2Test.testCase from maven configuration
